Change Component Designator: Old Designator=C16 New Designator=C17
Change Component Designator: Old Designator=C17 New Designator=C16
Change Component Designator: Old Designator=DZ? New Designator=DZ1
Change Component Designator: Old Designator=F2 New Designator=F1
Change Component Designator: Old Designator=J3 New Designator=J4
Change Component Designator: Old Designator=J4 New Designator=J3
Change Component Designator: Old Designator=R1 New Designator=R3
Change Component Designator: Old Designator=R2 New Designator=R1
Change Component Designator: Old Designator=R3 New Designator=R2
Change Component Designator: Old Designator=R10 New Designator=R12
Change Component Designator: Old Designator=R11 New Designator=R10
Change Component Designator: Old Designator=R12 New Designator=R11
Change Component Designator: Old Designator=R14 New Designator=R15
Change Component Designator: Old Designator=R15 New Designator=R14
Change Component Designator: Old Designator=R33 New Designator=R35
Change Component Designator: Old Designator=R34 New Designator=R33
Change Component Designator: Old Designator=R35 New Designator=R34
Change Component Designator: Old Designator=RF? New Designator=RF1
Change Component Designator: Old Designator=S? New Designator=S1
Change Component Designator: Old Designator=SW3 New Designator=SW2
Change Component Designator: Old Designator=SW4 New Designator=SW3
Change Component Designator: Old Designator=SW5 New Designator=SW4
Change Component Designator: Old Designator=SW6 New Designator=SW5
Change Component Designator: Old Designator=SW7 New Designator=SW6
Change Component Designator: Old Designator=SW? New Designator=SW1
Change Component Designator: Old Designator=X? New Designator=X1
Change Component Designator: Old Designator=Y2 New Designator=Y1
