Change Component Footprint: Designator=U2 Old Footprint=SOP-8 New Footprint=SOP4_M
Change Component Footprint: Designator=U3 Old Footprint=SOP-8 New Footprint=SOP4_M
Change component parameters: Designator = "J4"; Footprint = "DC-2.54-L-Z-20P"; UniqueID = "\BBEHPXUI"
Change component parameters. Clean all parameters for all variants
Change component parameters (AddParameter): Name = "CLASS"; Value = "IO"; VariantName = "[No Variations]"
Change component parameters: Designator = "DZ1"; Footprint = "SMA DO-214AC"; UniqueID = "\EEICPRZU"
Change component parameters. Clean all parameters for all variants
Change component parameters (AddParameter): Name = "BOM名称"; Value = "3V/0.5W稳压管"; VariantName = "[No Variations]"
Change component parameters (AddParameter): Name = "学习资源"; Value = "www.ooocke.com"; VariantName = "[No Variations]"
Change component parameters (AddParameter): Name = "版权归属"; Value = "源创客"; VariantName = "[No Variations]"
Change component parameters: Designator = "RF1"; Footprint = "FU 0805"; UniqueID = "\IVVGHCHJ"
Change component parameters. Clean all parameters for all variants
Change component parameters (AddParameter): Name = "BOM名称"; Value = "PPTC自恢复保险丝"; VariantName = "[No Variations]"
Change component parameters (AddParameter): Name = "学习资源"; Value = "www.ooocke.com"; VariantName = "[No Variations]"
Change component parameters (AddParameter): Name = "版权归属"; Value = "源创客"; VariantName = "[No Variations]"
Change component parameters: Designator = "S1"; Footprint = "MTS-10x"; UniqueID = "\KMFIXAXF"
Change component parameters. Clean all parameters for all variants
Change component parameters (AddParameter): Name = "BOM名称"; Value = "MTS10x系列3脚扭子开关"; VariantName = "[No Variations]"
Change component parameters (AddParameter): Name = "学习资源"; Value = "www.ooocke.com"; VariantName = "[No Variations]"
Change component parameters (AddParameter): Name = "版权归属"; Value = "源创客"; VariantName = "[No Variations]"
Change component parameters: Designator = "X2"; Footprint = "OSC 1612-4P"; UniqueID = "\EMVFWKSL"
Change component parameters. Clean all parameters for all variants
Change component parameters (AddParameter): Name = "BOM名称"; Value = "4脚无源晶振"; VariantName = "[No Variations]"
Change component parameters (AddParameter): Name = "学习资源"; Value = "www.ooocke.com"; VariantName = "[No Variations]"
Change component parameters (AddParameter): Name = "版权归属"; Value = "源创客"; VariantName = "[No Variations]"
Change component parameters (AddParameter): Name = "负载电容"; Value = "CL20pF"; VariantName = "[No Variations]"
Added Room: Name=MyCar
